<?xml version="1.0" encoding="UTF-8"?>
<!-- Generated by org.testng.reporters.JUnitReportReporter -->
<testsuite hostname="LAPTOP-J2DL21N1" failures="0" tests="2" name="pages.TestDDT" time="14.449" errors="0" timestamp="2023-08-01T21:11:50 SELÄŒ" skipped="0">
  <testcase classname="pages.TestDDT" name="TestFireFox" time="6.349"/>
  <testcase classname="pages.TestDDT" name="TestFireFox" time="8.100"/>
</testsuite> <!-- pages.TestDDT -->
